2026-05-15T00:00:39.123+05:30 DEBUG 1900 --- [tomcat-handler-84] o.s.security.web.FilterChainProxy        : Securing GET /api/analytics/dashboard
2026-05-15T00:00:39.134+05:30 DEBUG 1900 --- [tomcat-handler-85] o.s.security.web.FilterChainProxy        : Securing GET /api/subjects
2026-05-15T00:00:39.157+05:30 DEBUG 1900 --- [tomcat-handler-86] o.s.security.web.FilterChainProxy        : Securing GET /api/pomodoro
2026-05-15T00:00:39.229+05:30 DEBUG 1900 --- [tomcat-handler-84] org.hibernate.SQL                        : 
    select
        u1_0.id,
        u1_0.break_duration,
        u1_0.course,
        u1_0.created_at,
        u1_0.email,
        u1_0.exam_date,
        u1_0.exam_type,
        u1_0.name,
        u1_0.password_hash,
        u1_0.preferred_study_time,
        u1_0.study_hours_per_day,
        u1_0.university,
        u1_0.year 
    from
        users u1_0 
    where
        u1_0.email=?
2026-05-15T00:00:39.229+05:30 DEBUG 1900 --- [tomcat-handler-86] org.hibernate.SQL                        : 
    select
        u1_0.id,
        u1_0.break_duration,
        u1_0.course,
        u1_0.created_at,
        u1_0.email,
        u1_0.exam_date,
        u1_0.exam_type,
        u1_0.name,
        u1_0.password_hash,
        u1_0.preferred_study_time,
        u1_0.study_hours_per_day,
        u1_0.university,
        u1_0.year 
    from
        users u1_0 
    where
        u1_0.email=?
2026-05-15T00:00:39.229+05:30 DEBUG 1900 --- [tomcat-handler-85] org.hibernate.SQL                        : 
    select
        u1_0.id,
        u1_0.break_duration,
        u1_0.course,
        u1_0.created_at,
        u1_0.email,
        u1_0.exam_date,
        u1_0.exam_type,
        u1_0.name,
        u1_0.password_hash,
        u1_0.preferred_study_time,
        u1_0.study_hours_per_day,
        u1_0.university,
        u1_0.year 
    from
        users u1_0 
    where
        u1_0.email=?
2026-05-15T00:00:39.237+05:30 DEBUG 1900 --- [tomcat-handler-86] o.s.security.web.FilterChainProxy        : Secured GET /api/pomodoro
2026-05-15T00:00:39.237+05:30 DEBUG 1900 --- [tomcat-handler-84] o.s.security.web.FilterChainProxy        : Secured GET /api/analytics/dashboard
2026-05-15T00:00:39.239+05:30 DEBUG 1900 --- [tomcat-handler-84] org.hibernate.SQL                        : 
    select
        u1_0.id,
        u1_0.break_duration,
        u1_0.course,
        u1_0.created_at,
        u1_0.email,
        u1_0.exam_date,
        u1_0.exam_type,
        u1_0.name,
        u1_0.password_hash,
        u1_0.preferred_study_time,
        u1_0.study_hours_per_day,
        u1_0.university,
        u1_0.year 
    from
        users u1_0 
    where
        u1_0.email=?
2026-05-15T00:00:39.240+05:30 DEBUG 1900 --- [tomcat-handler-85] o.s.security.web.FilterChainProxy        : Secured GET /api/subjects
2026-05-15T00:00:39.244+05:30 DEBUG 1900 --- [tomcat-handler-85] org.hibernate.SQL                        : 
    select
        s1_0.id,
        s1_0.color_hex,
        s1_0.name,
        s1_0.progress_percentage,
        s1_0.plan_id 
    from
        subjects s1_0
2026-05-15T00:00:39.244+05:30 DEBUG 1900 --- [tomcat-handler-84] org.hibernate.SQL                        : 
    select
        sp1_0.id,
        sp1_0.created_at,
        sp1_0.status,
        sp1_0.title,
        sp1_0.user_id 
    from
        study_plans sp1_0 
    left join
        users u1_0 
            on u1_0.id=sp1_0.user_id 
    where
        u1_0.id=? 
    order by
        sp1_0.created_at desc 
    fetch
        first ? rows only
2026-05-15T00:00:39.250+05:30  WARN 1900 --- [tomcat-handler-86] .m.m.a.ExceptionHandlerExceptionResolver : Resolved [org.springframework.web.servlet.resource.NoResourceFoundException: No static resource api/pomodoro.]
2026-05-15T00:00:39.255+05:30 DEBUG 1900 --- [tomcat-handler-84] org.hibernate.SQL                        : 
    select
        r1_0.id,
        r1_0.completed_at,
        r1_0.score,
        r1_0.test_id,
        r1_0.user_id 
    from
        results r1_0 
    left join
        users u1_0 
            on u1_0.id=r1_0.user_id 
    where
        u1_0.id=?
2026-05-15T00:00:39.437+05:30 DEBUG 1900 --- [tomcat-handler-87] o.s.security.web.FilterChainProxy        : Securing GET /api/tasks/custom?filter=today
2026-05-15T00:00:39.438+05:30 DEBUG 1900 --- [tomcat-handler-87] org.hibernate.SQL                        : 
    select
        u1_0.id,
        u1_0.break_duration,
        u1_0.course,
        u1_0.created_at,
        u1_0.email,
        u1_0.exam_date,
        u1_0.exam_type,
        u1_0.name,
        u1_0.password_hash,
        u1_0.preferred_study_time,
        u1_0.study_hours_per_day,
        u1_0.university,
        u1_0.year 
    from
        users u1_0 
    where
        u1_0.email=?
2026-05-15T00:00:39.440+05:30 DEBUG 1900 --- [tomcat-handler-87] o.s.security.web.FilterChainProxy        : Secured GET /api/tasks/custom?filter=today
2026-05-15T00:00:39.440+05:30 DEBUG 1900 --- [tomcat-handler-87] org.hibernate.SQL                        : 
    select
        ct1_0.id,
        ct1_0.created_at,
        ct1_0.deadline,
        ct1_0.duration_hours,
        ct1_0.notes,
        ct1_0.priority,
        ct1_0.scheduled_date,
        ct1_0.status,
        ct1_0.subject_name,
        ct1_0.title,
        ct1_0.user_id 
    from
        custom_tasks ct1_0 
    left join
        users u1_0 
            on u1_0.id=ct1_0.user_id 
    where
        u1_0.email=? 
    order by
        ct1_0.created_at desc
